Installing dependencies from lock file (including require-dev)
Verifying lock file contents can be installed on current platform.
Package operations: 128 installs, 0 updates, 0 removals
  - Downloading laravel/framework (v11.47.0)
  - Downloading phenx/php-svg-lib (0.5.4)
  - Downloading phenx/php-font-lib (0.5.6)
  - Downloading dompdf/dompdf (v2.0.8)
  - Downloading fakerphp/faker (v1.24.1)
  - Downloading laravel/pint (v1.27.0)
  - Downloading symfony/yaml (v7.4.1)
  - Downloading laravel/sail (v1.52.0)
  - Downloading nikic/php-parser (v5.7.0)
  - Downloading psy/psysh (v0.12.18)
  - Downloading laravel/tinker (v2.11.0)
  - Downloading markbaker/matrix (3.0.1)
  - Downloading markbaker/complex (3.0.2)
  - Downloading maennchen/zipstream-php (3.2.1)
  - Downloading ezyang/htmlpurifier (v4.19.0)
  - Downloading composer/pcre (3.3.2)
  - Downloading phpoffice/phpspreadsheet (1.30.2)
  - Downloading composer/semver (3.4.4)
  - Downloading maatwebsite/excel (3.1.67)
  - Downloading hamcrest/hamcrest-php (v2.1.1)
  - Downloading mockery/mockery (1.6.12)
  - Downloading filp/whoops (2.18.4)
  - Downloading nunomaduro/collision (v8.8.3)
  - Downloading staabm/side-effects-detector (1.0.5)
  - Downloading sebastian/version (5.0.2)
  - Downloading sebastian/type (5.1.3)
  - Downloading sebastian/recursion-context (6.0.3)
  - Downloading sebastian/object-reflector (4.0.1)
  - Downloading sebastian/object-enumerator (6.0.1)
  - Downloading sebastian/global-state (7.0.2)
  - Downloading sebastian/exporter (6.3.2)
  - Downloading sebastian/environment (7.2.1)
  - Downloading sebastian/diff (6.0.2)
  - Downloading sebastian/comparator (6.3.2)
  - Downloading sebastian/code-unit (3.0.3)
  - Downloading sebastian/cli-parser (3.0.2)
  - Downloading phpunit/php-timer (7.0.1)
  - Downloading phpunit/php-text-template (4.0.1)
  - Downloading phpunit/php-invoker (5.0.1)
  - Downloading phpunit/php-file-iterator (5.1.0)
  - Downloading theseer/tokenizer (1.3.1)
  - Downloading sebastian/lines-of-code (3.0.1)
  - Downloading sebastian/complexity (4.0.1)
  - Downloading sebastian/code-unit-reverse-lookup (4.0.1)
  - Downloading phpunit/php-code-coverage (11.0.12)
  - Downloading phar-io/version (3.2.1)
  - Downloading phar-io/manifest (2.0.4)
  - Downloading myclabs/deep-copy (1.13.4)
  - Downloading phpunit/phpunit (11.5.48)
  - Downloading spatie/error-solutions (1.1.3)
  - Downloading spatie/backtrace (1.8.1)
  - Downloading spatie/flare-client-php (1.10.1)
  - Downloading spatie/ignition (1.15.1)
  - Downloading spatie/laravel-ignition (2.9.1)
  0/54 [>---------------------------]   0%
  1/54 [>---------------------------]   1%
  2/54 [=>--------------------------]   3%
  3/54 [=>--------------------------]   5%    Failed to download fakerphp/faker from dist: curl error 56 while downloading https://api.github.com/repos/FakerPHP/Faker/zipball/e0ee18eb1e6dc3cda3ce9fd97e5a0689a88a64b5: OpenSSL SSL_read: OpenSSL/3.6.0: error:0A000126:SSL routines::unexpected eof while reading, errno 0
    Now trying to download from source
  - Syncing fakerphp/faker (v1.24.1) into cache
